f:\visual studio code\c-language\chess_game\chess_game\x64\debug\vc143.pdb
f:\visual studio code\c-language\chess_game\chess_game\x64\debug\vc143.idb
f:\visual studio code\c-language\chess_game\chess_game\x64\debug\test.obj
f:\visual studio code\c-language\chess_game\chess_game\x64\debug\chess_game.obj
f:\visual studio code\c-language\chess_game\x64\debug\chess_game.pdb
f:\visual studio code\c-language\chess_game\chess_game\x64\debug\chess_game.tlog\cl.command.1.tlog
f:\visual studio code\c-language\chess_game\chess_game\x64\debug\chess_game.tlog\cl.items.tlog
f:\visual studio code\c-language\chess_game\chess_game\x64\debug\chess_game.tlog\cl.read.1.tlog
f:\visual studio code\c-language\chess_game\chess_game\x64\debug\chess_game.tlog\cl.write.1.tlog
f:\visual studio code\c-language\chess_game\chess_game\x64\debug\chess_game.tlog\link-cvtres.read.1.tlog
f:\visual studio code\c-language\chess_game\chess_game\x64\debug\chess_game.tlog\link-cvtres.write.1.tlog
f:\visual studio code\c-language\chess_game\chess_game\x64\debug\chess_game.tlog\link-rc.read.1.tlog
f:\visual studio code\c-language\chess_game\chess_game\x64\debug\chess_game.tlog\link-rc.write.1.tlog
f:\visual studio code\c-language\chess_game\chess_game\x64\debug\chess_game.tlog\link.1016-cvtres.read.1.tlog
f:\visual studio code\c-language\chess_game\chess_game\x64\debug\chess_game.tlog\link.1016-cvtres.write.1.tlog
f:\visual studio code\c-language\chess_game\chess_game\x64\debug\chess_game.tlog\link.1016-rc.read.1.tlog
f:\visual studio code\c-language\chess_game\chess_game\x64\debug\chess_game.tlog\link.1016-rc.write.1.tlog
f:\visual studio code\c-language\chess_game\chess_game\x64\debug\chess_game.tlog\link.1016.read.1.tlog
f:\visual studio code\c-language\chess_game\chess_game\x64\debug\chess_game.tlog\link.1016.read.2.tlog
f:\visual studio code\c-language\chess_game\chess_game\x64\debug\chess_game.tlog\link.1016.write.1.tlog
f:\visual studio code\c-language\chess_game\chess_game\x64\debug\chess_game.tlog\link.command.1.tlog
f:\visual studio code\c-language\chess_game\chess_game\x64\debug\chess_game.tlog\link.read.1.tlog
f:\visual studio code\c-language\chess_game\chess_game\x64\debug\chess_game.tlog\link.read.2.tlog
f:\visual studio code\c-language\chess_game\chess_game\x64\debug\chess_game.tlog\link.write.1.tlog
