  do_exercise.c
F:\visual studio code\c-language\Do_execise\Do_execise\do_exercise.c(5533,8): error C2065: “wchar”: 未声明的标识符
F:\visual studio code\c-language\Do_execise\Do_execise\do_exercise.c(5533,8): error C2146: 语法错误: 缺少“;”(在标识符“s”的前面)
F:\visual studio code\c-language\Do_execise\Do_execise\do_exercise.c(5533,10): error C2065: “s”: 未声明的标识符
F:\visual studio code\c-language\Do_execise\Do_execise\do_exercise.c(5533,9): error C2109: 下标要求数组或指针类型
F:\visual studio code\c-language\Do_execise\Do_execise\do_exercise.c(5534,25): error C2065: “s”: 未声明的标识符
F:\visual studio code\c-language\Do_execise\Do_execise\do_exercise.c(5534,16): warning C4477: “wscanf”: 格式字符串“%ls”需要类型“unsigned short *”的参数，但可变参数 1 拥有了类型“int”
F:\visual studio code\c-language\Do_execise\Do_execise\do_exercise.c(5536,21): error C2065: “s”: 未声明的标识符
F:\visual studio code\c-language\Do_execise\Do_execise\do_exercise.c(5536,20): error C2109: 下标要求数组或指针类型
F:\visual studio code\c-language\Do_execise\Do_execise\do_exercise.c(5538,26): error C2065: “s”: 未声明的标识符
F:\visual studio code\c-language\Do_execise\Do_execise\do_exercise.c(5538,25): error C2109: 下标要求数组或指针类型
F:\visual studio code\c-language\Do_execise\Do_execise\do_exercise.c(5540,11): error C2065: “s”: 未声明的标识符
F:\visual studio code\c-language\Do_execise\Do_execise\do_exercise.c(5540,10): error C2109: 下标要求数组或指针类型
F:\visual studio code\c-language\Do_execise\Do_execise\do_exercise.c(5540,19): error C2065: “s”: 未声明的标识符
F:\visual studio code\c-language\Do_execise\Do_execise\do_exercise.c(5540,18): error C2109: 下标要求数组或指针类型
F:\visual studio code\c-language\Do_execise\Do_execise\do_exercise.c(5542,8): error C2065: “s”: 未声明的标识符
F:\visual studio code\c-language\Do_execise\Do_execise\do_exercise.c(5542,7): error C2109: 下标要求数组或指针类型
F:\visual studio code\c-language\Do_execise\Do_execise\do_exercise.c(5546,21): error C2065: “s”: 未声明的标识符
F:\visual studio code\c-language\Do_execise\Do_execise\do_exercise.c(5546,20): error C2109: 下标要求数组或指针类型
F:\visual studio code\c-language\Do_execise\Do_execise\do_exercise.c(5548,10): error C2065: “s”: 未声明的标识符
F:\visual studio code\c-language\Do_execise\Do_execise\do_exercise.c(5548,9): error C2109: 下标要求数组或指针类型
F:\visual studio code\c-language\Do_execise\Do_execise\do_exercise.c(5550,21): error C2065: “s”: 未声明的标识符
F:\visual studio code\c-language\Do_execise\Do_execise\do_exercise.c(5550,20): error C2109: 下标要求数组或指针类型
F:\visual studio code\c-language\Do_execise\Do_execise\do_exercise.c(5550,12): warning C4473: “printf”: 没有为格式字符串传递足够的参数
F:\visual studio code\c-language\Do_execise\Do_execise\do_exercise.c(5550,12): message : 占位符和其参数预计 1 可变参数，但提供的却是 0 参数
F:\visual studio code\c-language\Do_execise\Do_execise\do_exercise.c(5550,12): message : 缺失的可变参数 1 为格式字符串“%lc”所需
